{"C:\\Users\\kabir.khithani\\Documents\\Internship\\NodeJS-Project-Demo\\server.js": {"path":"C:\\Users\\kabir.khithani\\Documents\\Internship\\NodeJS-Project-Demo\\server.js","statementMap":{"0":{"start":{"line":1,"column":16},"end":{"line":1,"column":34}},"1":{"start":{"line":2,"column":17},"end":{"line":2,"column":36}},"2":{"start":{"line":3,"column":17},"end":{"line":3,"column":50}},"3":{"start":{"line":4,"column":12},"end":{"line":4,"column":21}},"4":{"start":{"line":6,"column":0},"end":{"line":6,"column":24}},"5":{"start":{"line":7,"column":0},"end":{"line":7,"column":49}},"6":{"start":{"line":10,"column":0},"end":{"line":12,"column":3}},"7":{"start":{"line":11,"column":4},"end":{"line":11,"column":27}},"8":{"start":{"line":14,"column":0},"end":{"line":22,"column":3}},"9":{"start":{"line":15,"column":4},"end":{"line":21,"column":5}},"10":{"start":{"line":16,"column":26},"end":{"line":16,"column":49}},"11":{"start":{"line":17,"column":8},"end":{"line":17,"column":40}},"12":{"start":{"line":20,"column":8},"end":{"line":20,"column":57}},"13":{"start":{"line":24,"column":0},"end":{"line":36,"column":3}},"14":{"start":{"line":25,"column":4},"end":{"line":35,"column":5}},"15":{"start":{"line":26,"column":23},"end":{"line":26,"column":33}},"16":{"start":{"line":27,"column":25},"end":{"line":27,"column":52}},"17":{"start":{"line":28,"column":8},"end":{"line":30,"column":9}},"18":{"start":{"line":29,"column":12},"end":{"line":29,"column":89}},"19":{"start":{"line":31,"column":8},"end":{"line":31,"column":39}},"20":{"start":{"line":34,"column":8},"end":{"line":34,"column":57}},"21":{"start":{"line":38,"column":0},"end":{"line":47,"column":3}},"22":{"start":{"line":39,"column":4},"end":{"line":46,"column":5}},"23":{"start":{"line":40,"column":25},"end":{"line":40,"column":56}},"24":{"start":{"line":41,"column":8},"end":{"line":41,"column":39}},"25":{"start":{"line":44,"column":8},"end":{"line":44,"column":27}},"26":{"start":{"line":45,"column":8},"end":{"line":45,"column":57}},"27":{"start":{"line":49,"column":0},"end":{"line":61,"column":3}},"28":{"start":{"line":50,"column":4},"end":{"line":60,"column":5}},"29":{"start":{"line":51,"column":23},"end":{"line":51,"column":33}},"30":{"start":{"line":52,"column":25},"end":{"line":52,"column":86}},"31":{"start":{"line":53,"column":8},"end":{"line":55,"column":9}},"32":{"start":{"line":54,"column":12},"end":{"line":54,"column":95}},"33":{"start":{"line":56,"column":8},"end":{"line":56,"column":39}},"34":{"start":{"line":59,"column":8},"end":{"line":59,"column":57}},"35":{"start":{"line":63,"column":0},"end":{"line":75,"column":3}},"36":{"start":{"line":64,"column":4},"end":{"line":74,"column":5}},"37":{"start":{"line":65,"column":23},"end":{"line":65,"column":33}},"38":{"start":{"line":66,"column":25},"end":{"line":66,"column":61}},"39":{"start":{"line":67,"column":8},"end":{"line":69,"column":9}},"40":{"start":{"line":68,"column":12},"end":{"line":68,"column":95}},"41":{"start":{"line":70,"column":8},"end":{"line":70,"column":39}},"42":{"start":{"line":73,"column":8},"end":{"line":73,"column":57}},"43":{"start":{"line":77,"column":0},"end":{"line":77,"column":35}},"44":{"start":{"line":78,"column":20},"end":{"line":78,"column":41}},"45":{"start":{"line":79,"column":17},"end":{"line":79,"column":59}},"46":{"start":{"line":81,"column":0},"end":{"line":93,"column":7}},"47":{"start":{"line":84,"column":8},"end":{"line":84,"column":44}},"48":{"start":{"line":85,"column":23},"end":{"line":87,"column":10}},"49":{"start":{"line":86,"column":12},"end":{"line":86,"column":60}},"50":{"start":{"line":89,"column":8},"end":{"line":89,"column":32}},"51":{"start":{"line":92,"column":8},"end":{"line":92,"column":27}}},"fnMap":{"0":{"name":"(anonymous_0)","decl":{"start":{"line":10,"column":13},"end":{"line":10,"column":14}},"loc":{"start":{"line":10,"column":27},"end":{"line":12,"column":1}},"line":10},"1":{"name":"(anonymous_1)","decl":{"start":{"line":14,"column":22},"end":{"line":14,"column":23}},"loc":{"start":{"line":14,"column":42},"end":{"line":22,"column":1}},"line":14},"2":{"name":"(anonymous_2)","decl":{"start":{"line":24,"column":26},"end":{"line":24,"column":27}},"loc":{"start":{"line":24,"column":46},"end":{"line":36,"column":1}},"line":24},"3":{"name":"(anonymous_3)","decl":{"start":{"line":38,"column":22},"end":{"line":38,"column":23}},"loc":{"start":{"line":38,"column":42},"end":{"line":47,"column":1}},"line":38},"4":{"name":"(anonymous_4)","decl":{"start":{"line":49,"column":26},"end":{"line":49,"column":27}},"loc":{"start":{"line":49,"column":46},"end":{"line":61,"column":1}},"line":49},"5":{"name":"(anonymous_5)","decl":{"start":{"line":63,"column":29},"end":{"line":63,"column":30}},"loc":{"start":{"line":63,"column":49},"end":{"line":75,"column":1}},"line":63},"6":{"name":"(anonymous_6)","decl":{"start":{"line":83,"column":10},"end":{"line":83,"column":11}},"loc":{"start":{"line":83,"column":16},"end":{"line":90,"column":5}},"line":83},"7":{"name":"(anonymous_7)","decl":{"start":{"line":85,"column":40},"end":{"line":85,"column":41}},"loc":{"start":{"line":85,"column":46},"end":{"line":87,"column":9}},"line":85},"8":{"name":"(anonymous_8)","decl":{"start":{"line":91,"column":11},"end":{"line":91,"column":12}},"loc":{"start":{"line":91,"column":22},"end":{"line":93,"column":5}},"line":91}},"branchMap":{"0":{"loc":{"start":{"line":28,"column":8},"end":{"line":30,"column":9}},"type":"if","locations":[{"start":{"line":28,"column":8},"end":{"line":30,"column":9}},{"start":{},"end":{}}],"line":28},"1":{"loc":{"start":{"line":53,"column":8},"end":{"line":55,"column":9}},"type":"if","locations":[{"start":{"line":53,"column":8},"end":{"line":55,"column":9}},{"start":{},"end":{}}],"line":53},"2":{"loc":{"start":{"line":67,"column":8},"end":{"line":69,"column":9}},"type":"if","locations":[{"start":{"line":67,"column":8},"end":{"line":69,"column":9}},{"start":{},"end":{}}],"line":67}},"s":{"0":1,"1":1,"2":1,"3":1,"4":1,"5":1,"6":1,"7":0,"8":1,"9":0,"10":0,"11":0,"12":0,"13":1,"14":0,"15":0,"16":0,"17":0,"18":0,"19":0,"20":0,"21":1,"22":0,"23":0,"24":0,"25":0,"26":0,"27":1,"28":0,"29":0,"30":0,"31":0,"32":0,"33":0,"34":0,"35":1,"36":0,"37":0,"38":0,"39":0,"40":0,"41":0,"42":0,"43":1,"44":1,"45":1,"46":1,"47":0,"48":0,"49":0,"50":0,"51":1},"f":{"0":0,"1":0,"2":0,"3":0,"4":0,"5":0,"6":0,"7":0,"8":1},"b":{"0":[0,0],"1":[0,0],"2":[0,0]},"_coverageSchema":"1a1c01bbd47fc00a2c39e90264f33305004495a9","hash":"0daea0b926cc681ef5a79a4a39d53b38765a65a9"}
,"C:\\Users\\kabir.khithani\\Documents\\Internship\\NodeJS-Project-Demo\\models\\employeeModel.js": {"path":"C:\\Users\\kabir.khithani\\Documents\\Internship\\NodeJS-Project-Demo\\models\\employeeModel.js","statementMap":{"0":{"start":{"line":1,"column":17},"end":{"line":1,"column":36}},"1":{"start":{"line":3,"column":23},"end":{"line":25,"column":1}},"2":{"start":{"line":27,"column":17},"end":{"line":27,"column":59}},"3":{"start":{"line":28,"column":0},"end":{"line":28,"column":26}}},"fnMap":{},"branchMap":{},"s":{"0":1,"1":1,"2":1,"3":1},"f":{},"b":{},"_coverageSchema":"1a1c01bbd47fc00a2c39e90264f33305004495a9","hash":"8fe31370586c772f2ebe6de208f2144377b045b6"}
}
