TN:
SF:server.js
FN:10,(anonymous_0)
FN:14,(anonymous_1)
FN:24,(anonymous_2)
FN:38,(anonymous_3)
FN:49,(anonymous_4)
FN:63,(anonymous_5)
FN:83,(anonymous_6)
FN:85,(anonymous_7)
FN:91,(anonymous_8)
FNF:9
FNH:1
FNDA:0,(anonymous_0)
FNDA:0,(anonymous_1)
FNDA:0,(anonymous_2)
FNDA:0,(anonymous_3)
FNDA:0,(anonymous_4)
FNDA:0,(anonymous_5)
FNDA:0,(anonymous_6)
FNDA:0,(anonymous_7)
FNDA:1,(anonymous_8)
DA:1,1
DA:2,1
DA:3,1
DA:4,1
DA:6,1
DA:7,1
DA:10,1
DA:11,0
DA:14,1
DA:15,0
DA:16,0
DA:17,0
DA:20,0
DA:24,1
DA:25,0
DA:26,0
DA:27,0
DA:28,0
DA:29,0
DA:31,0
DA:34,0
DA:38,1
DA:39,0
DA:40,0
DA:41,0
DA:44,0
DA:45,0
DA:49,1
DA:50,0
DA:51,0
DA:52,0
DA:53,0
DA:54,0
DA:56,0
DA:59,0
DA:63,1
DA:64,0
DA:65,0
DA:66,0
DA:67,0
DA:68,0
DA:70,0
DA:73,0
DA:77,1
DA:78,1
DA:79,1
DA:81,1
DA:84,0
DA:85,0
DA:86,0
DA:89,0
DA:92,1
LF:52
LH:17
BRDA:28,0,0,0
BRDA:28,0,1,0
BRDA:53,1,0,0
BRDA:53,1,1,0
BRDA:67,2,0,0
BRDA:67,2,1,0
BRF:6
BRH:0
end_of_record
TN:
SF:models\employeeModel.js
FNF:0
FNH:0
DA:1,1
DA:3,1
DA:27,1
DA:28,1
LF:4
LH:4
BRF:0
BRH:0
end_of_record
